[30-Apr-2019 23:32:41 UTC] PHP Fatal error:  Call to undefined function alert() in /home/ubuntu/workspace/cst336/inc/dbConnection.php on line 18
[30-Apr-2019 23:32:41 UTC] PHP Stack trace:
[30-Apr-2019 23:32:41 UTC] PHP   1. {main}() /home/ubuntu/workspace/cst336/hw/hw4/api/store.php:0
[30-Apr-2019 23:32:41 UTC] PHP   2. getDatabaseConnection() /home/ubuntu/workspace/cst336/hw/hw4/api/store.php:5
[30-Apr-2019 23:46:58 UTC] PHP Fatal error:  Call to undefined function alert() in /home/ubuntu/workspace/cst336/inc/dbConnection.php on line 18
[30-Apr-2019 23:46:58 UTC] PHP Stack trace:
[30-Apr-2019 23:46:58 UTC] PHP   1. {main}() /home/ubuntu/workspace/cst336/hw/hw4/api/store.php:0
[30-Apr-2019 23:46:58 UTC] PHP   2. getDatabaseConnection() /home/ubuntu/workspace/cst336/hw/hw4/api/store.php:5
[30-Apr-2019 23:47:15 UTC] PHP Fatal error:  Call to undefined function alert() in /home/ubuntu/workspace/cst336/inc/dbConnection.php on line 18
[30-Apr-2019 23:47:15 UTC] PHP Stack trace:
[30-Apr-2019 23:47:15 UTC] PHP   1. {main}() /home/ubuntu/workspace/cst336/hw/hw4/api/store.php:0
[30-Apr-2019 23:47:15 UTC] PHP   2. getDatabaseConnection() /home/ubuntu/workspace/cst336/hw/hw4/api/store.php:5
[30-Apr-2019 23:47:17 UTC] PHP Fatal error:  Call to undefined function alert() in /home/ubuntu/workspace/cst336/inc/dbConnection.php on line 18
[30-Apr-2019 23:47:17 UTC] PHP Stack trace:
[30-Apr-2019 23:47:17 UTC] PHP   1. {main}() /home/ubuntu/workspace/cst336/hw/hw4/api/store.php:0
[30-Apr-2019 23:47:17 UTC] PHP   2. getDatabaseConnection() /home/ubuntu/workspace/cst336/hw/hw4/api/store.php:5
[30-Apr-2019 23:47:48 UTC] PHP Fatal error:  Call to undefined function alert() in /home/ubuntu/workspace/cst336/inc/dbConnection.php on line 18
[30-Apr-2019 23:47:48 UTC] PHP Stack trace:
[30-Apr-2019 23:47:48 UTC] PHP   1. {main}() /home/ubuntu/workspace/cst336/hw/hw4/api/store.php:0
[30-Apr-2019 23:47:48 UTC] PHP   2. getDatabaseConnection() /home/ubuntu/workspace/cst336/hw/hw4/api/store.php:5
[30-Apr-2019 23:48:16 UTC] PHP Fatal error:  Call to undefined function alert() in /home/ubuntu/workspace/cst336/inc/dbConnection.php on line 18
[30-Apr-2019 23:48:16 UTC] PHP Stack trace:
[30-Apr-2019 23:48:16 UTC] PHP   1. {main}() /home/ubuntu/workspace/cst336/hw/hw4/api/store.php:0
[30-Apr-2019 23:48:16 UTC] PHP   2. getDatabaseConnection() /home/ubuntu/workspace/cst336/hw/hw4/api/store.php:5
[30-Apr-2019 23:49:27 UTC] PHP Fatal error:  Call to undefined function alert() in /home/ubuntu/workspace/cst336/inc/dbConnection.php on line 18
[30-Apr-2019 23:49:27 UTC] PHP Stack trace:
[30-Apr-2019 23:49:27 UTC] PHP   1. {main}() /home/ubuntu/workspace/cst336/hw/hw4/api/store.php:0
[30-Apr-2019 23:49:27 UTC] PHP   2. getDatabaseConnection() /home/ubuntu/workspace/cst336/hw/hw4/api/store.php:5
[30-Apr-2019 23:49:42 UTC] PHP Fatal error:  Call to undefined function alert() in /home/ubuntu/workspace/cst336/inc/dbConnection.php on line 18
[30-Apr-2019 23:49:42 UTC] PHP Stack trace:
[30-Apr-2019 23:49:42 UTC] PHP   1. {main}() /home/ubuntu/workspace/cst336/hw/hw4/api/store.php:0
[30-Apr-2019 23:49:42 UTC] PHP   2. getDatabaseConnection() /home/ubuntu/workspace/cst336/hw/hw4/api/store.php:5
[30-Apr-2019 23:49:53 UTC] PHP Fatal error:  Call to undefined function alert() in /home/ubuntu/workspace/cst336/inc/dbConnection.php on line 18
[30-Apr-2019 23:49:53 UTC] PHP Stack trace:
[30-Apr-2019 23:49:53 UTC] PHP   1. {main}() /home/ubuntu/workspace/cst336/hw/hw4/api/store.php:0
[30-Apr-2019 23:49:53 UTC] PHP   2. getDatabaseConnection() /home/ubuntu/workspace/cst336/hw/hw4/api/store.php:5
[30-Apr-2019 23:51:43 UTC] PHP Fatal error:  Call to undefined function alert() in /home/ubuntu/workspace/cst336/inc/dbConnection.php on line 18
[30-Apr-2019 23:51:43 UTC] PHP Stack trace:
[30-Apr-2019 23:51:43 UTC] PHP   1. {main}() /home/ubuntu/workspace/cst336/hw/hw4/api/store.php:0
[30-Apr-2019 23:51:43 UTC] PHP   2. getDatabaseConnection() /home/ubuntu/workspace/cst336/hw/hw4/api/store.php:5
[30-Apr-2019 23:53:22 UTC] PHP Fatal error:  Call to undefined function alert() in /home/ubuntu/workspace/cst336/inc/dbConnection.php on line 18
[30-Apr-2019 23:53:22 UTC] PHP Stack trace:
[30-Apr-2019 23:53:22 UTC] PHP   1. {main}() /home/ubuntu/workspace/cst336/hw/hw4/api/store.php:0
[30-Apr-2019 23:53:22 UTC] PHP   2. getDatabaseConnection() /home/ubuntu/workspace/cst336/hw/hw4/api/store.php:5
[30-Apr-2019 23:59:02 UTC] PHP Fatal error:  Call to undefined function alert() in /home/ubuntu/workspace/cst336/inc/dbConnection.php on line 18
[30-Apr-2019 23:59:02 UTC] PHP Stack trace:
[30-Apr-2019 23:59:02 UTC] PHP   1. {main}() /home/ubuntu/workspace/cst336/hw/hw4/api/store.php:0
[30-Apr-2019 23:59:02 UTC] PHP   2. getDatabaseConnection() /home/ubuntu/workspace/cst336/hw/hw4/api/store.php:5
[01-May-2019 00:00:31 UTC] PHP Fatal error:  Call to undefined function alert() in /home/ubuntu/workspace/cst336/inc/dbConnection.php on line 18
[01-May-2019 00:00:31 UTC] PHP Stack trace:
[01-May-2019 00:00:31 UTC] PHP   1. {main}() /home/ubuntu/workspace/cst336/hw/hw4/api/store.php:0
[01-May-2019 00:00:31 UTC] PHP   2. getDatabaseConnection() /home/ubuntu/workspace/cst336/hw/hw4/api/store.php:5
