[08-Mar-2019 01:20:25 UTC] PHP Fatal error:  Uncaught exception 'PDOException' with message 'SQLSTATE[HY000] [1049] Unknown database 'ottermart2'' in /home/ubuntu/workspace/cst336/labs/lab6/getProducts.php:8
Stack trace:
#0 /home/ubuntu/workspace/cst336/labs/lab6/getProducts.php(8): PDO->__construct('mysql:host=loca...', 'root', '')
#1 {main}
  thrown in /home/ubuntu/workspace/cst336/labs/lab6/getProducts.php on line 8
[02-May-2019 04:04:41 UTC] PHP Fatal error:  Call to undefined function alert() in /home/ubuntu/workspace/cst336/inc/dbConnection.php on line 18
[02-May-2019 04:04:41 UTC] PHP Stack trace:
[02-May-2019 04:04:41 UTC] PHP   1. {main}() /home/ubuntu/workspace/cst336/labs/lab7/loginProcess.php:0
[02-May-2019 04:04:41 UTC] PHP   2. getDatabaseConnection() /home/ubuntu/workspace/cst336/labs/lab7/loginProcess.php:8
[02-May-2019 04:06:45 UTC] PHP Fatal error:  Call to undefined function alert() in /home/ubuntu/workspace/cst336/inc/dbConnection.php on line 18
[02-May-2019 04:06:45 UTC] PHP Stack trace:
[02-May-2019 04:06:45 UTC] PHP   1. {main}() /home/ubuntu/workspace/cst336/labs/lab7/loginProcess.php:0
[02-May-2019 04:06:45 UTC] PHP   2. getDatabaseConnection() /home/ubuntu/workspace/cst336/labs/lab7/loginProcess.php:8
[02-May-2019 04:06:54 UTC] PHP Fatal error:  Call to undefined function alert() in /home/ubuntu/workspace/cst336/inc/dbConnection.php on line 18
[02-May-2019 04:06:54 UTC] PHP Stack trace:
[02-May-2019 04:06:54 UTC] PHP   1. {main}() /home/ubuntu/workspace/cst336/labs/lab7/loginProcess.php:0
[02-May-2019 04:06:54 UTC] PHP   2. getDatabaseConnection() /home/ubuntu/workspace/cst336/labs/lab7/loginProcess.php:8
[02-May-2019 04:30:22 UTC] PHP Fatal error:  Call to undefined function dbConnection() in /home/ubuntu/workspace/cst336/labs/lab9/index.php on line 63
[02-May-2019 04:30:22 UTC] PHP Stack trace:
[02-May-2019 04:30:22 UTC] PHP   1. {main}() /home/ubuntu/workspace/cst336/labs/lab9/index.php:0
[02-May-2019 04:31:08 UTC] PHP Fatal error:  Call to undefined function dbConnection() in /home/ubuntu/workspace/cst336/labs/lab9/index.php on line 63
[02-May-2019 04:31:08 UTC] PHP Stack trace:
[02-May-2019 04:31:08 UTC] PHP   1. {main}() /home/ubuntu/workspace/cst336/labs/lab9/index.php:0
[02-May-2019 04:31:24 UTC] PHP Fatal error:  Call to undefined function dbConnection() in /home/ubuntu/workspace/cst336/labs/lab9/index.php on line 63
[02-May-2019 04:31:24 UTC] PHP Stack trace:
[02-May-2019 04:31:24 UTC] PHP   1. {main}() /home/ubuntu/workspace/cst336/labs/lab9/index.php:0
[02-May-2019 04:31:31 UTC] PHP Fatal error:  Call to undefined function dbConnection() in /home/ubuntu/workspace/cst336/labs/lab9/index.php on line 63
[02-May-2019 04:31:31 UTC] PHP Stack trace:
[02-May-2019 04:31:31 UTC] PHP   1. {main}() /home/ubuntu/workspace/cst336/labs/lab9/index.php:0
[05-May-2019 00:27:20 UTC] PHP Fatal error:  Call to undefined function dbConnection() in /home/ubuntu/workspace/cst336/labs/lab9/index.php on line 63
[05-May-2019 00:27:20 UTC] PHP Stack trace:
[05-May-2019 00:27:20 UTC] PHP   1. {main}() /home/ubuntu/workspace/cst336/labs/lab9/index.php:0
