[17-Apr-2019 00:12:17 UTC] PHP Warning:  shuffle() expects parameter 1 to be array, null given in /home/ubuntu/workspace/cst336/labs/lab8/api/pixbayProxy.php on line 37
[17-Apr-2019 00:12:17 UTC] PHP Stack trace:
[17-Apr-2019 00:12:17 UTC] PHP   1. {main}() /home/ubuntu/workspace/cst336/labs/lab8/api/pixbayProxy.php:0
[17-Apr-2019 00:12:17 UTC] PHP   2. shuffle() /home/ubuntu/workspace/cst336/labs/lab8/api/pixbayProxy.php:37
[17-Apr-2019 00:12:21 UTC] PHP Warning:  shuffle() expects parameter 1 to be array, null given in /home/ubuntu/workspace/cst336/labs/lab8/api/pixbayProxy.php on line 37
[17-Apr-2019 00:12:21 UTC] PHP Stack trace:
[17-Apr-2019 00:12:21 UTC] PHP   1. {main}() /home/ubuntu/workspace/cst336/labs/lab8/api/pixbayProxy.php:0
[17-Apr-2019 00:12:21 UTC] PHP   2. shuffle() /home/ubuntu/workspace/cst336/labs/lab8/api/pixbayProxy.php:37
[17-Apr-2019 00:12:23 UTC] PHP Warning:  shuffle() expects parameter 1 to be array, null given in /home/ubuntu/workspace/cst336/labs/lab8/api/pixbayProxy.php on line 37
[17-Apr-2019 00:12:23 UTC] PHP Stack trace:
[17-Apr-2019 00:12:23 UTC] PHP   1. {main}() /home/ubuntu/workspace/cst336/labs/lab8/api/pixbayProxy.php:0
[17-Apr-2019 00:12:23 UTC] PHP   2. shuffle() /home/ubuntu/workspace/cst336/labs/lab8/api/pixbayProxy.php:37
[17-Apr-2019 00:12:24 UTC] PHP Warning:  shuffle() expects parameter 1 to be array, null given in /home/ubuntu/workspace/cst336/labs/lab8/api/pixbayProxy.php on line 37
[17-Apr-2019 00:12:24 UTC] PHP Stack trace:
[17-Apr-2019 00:12:24 UTC] PHP   1. {main}() /home/ubuntu/workspace/cst336/labs/lab8/api/pixbayProxy.php:0
[17-Apr-2019 00:12:24 UTC] PHP   2. shuffle() /home/ubuntu/workspace/cst336/labs/lab8/api/pixbayProxy.php:37
[17-Apr-2019 00:12:25 UTC] PHP Warning:  shuffle() expects parameter 1 to be array, null given in /home/ubuntu/workspace/cst336/labs/lab8/api/pixbayProxy.php on line 37
[17-Apr-2019 00:12:25 UTC] PHP Stack trace:
[17-Apr-2019 00:12:25 UTC] PHP   1. {main}() /home/ubuntu/workspace/cst336/labs/lab8/api/pixbayProxy.php:0
[17-Apr-2019 00:12:25 UTC] PHP   2. shuffle() /home/ubuntu/workspace/cst336/labs/lab8/api/pixbayProxy.php:37
[17-Apr-2019 00:14:38 UTC] PHP Warning:  shuffle() expects parameter 1 to be array, null given in /home/ubuntu/workspace/cst336/labs/lab8/api/pixbayProxy.php on line 37
[17-Apr-2019 00:14:38 UTC] PHP Stack trace:
[17-Apr-2019 00:14:38 UTC] PHP   1. {main}() /home/ubuntu/workspace/cst336/labs/lab8/api/pixbayProxy.php:0
[17-Apr-2019 00:14:38 UTC] PHP   2. shuffle() /home/ubuntu/workspace/cst336/labs/lab8/api/pixbayProxy.php:37
[17-Apr-2019 00:15:14 UTC] PHP Warning:  shuffle() expects parameter 1 to be array, null given in /home/ubuntu/workspace/cst336/labs/lab8/api/pixbayProxy.php on line 37
[17-Apr-2019 00:15:14 UTC] PHP Stack trace:
[17-Apr-2019 00:15:14 UTC] PHP   1. {main}() /home/ubuntu/workspace/cst336/labs/lab8/api/pixbayProxy.php:0
[17-Apr-2019 00:15:14 UTC] PHP   2. shuffle() /home/ubuntu/workspace/cst336/labs/lab8/api/pixbayProxy.php:37
[17-Apr-2019 00:15:29 UTC] PHP Warning:  shuffle() expects parameter 1 to be array, null given in /home/ubuntu/workspace/cst336/labs/lab8/api/pixbayProxy.php on line 37
[17-Apr-2019 00:15:29 UTC] PHP Stack trace:
[17-Apr-2019 00:15:29 UTC] PHP   1. {main}() /home/ubuntu/workspace/cst336/labs/lab8/api/pixbayProxy.php:0
[17-Apr-2019 00:15:29 UTC] PHP   2. shuffle() /home/ubuntu/workspace/cst336/labs/lab8/api/pixbayProxy.php:37
[25-Apr-2019 23:13:59 UTC] PHP Fatal error:  Uncaught exception 'PDOException' with message 'SQLSTATE[42S02]: Base table or view not found: 1146 Table 'c9.lab8_pixabay' doesn't exist' in /home/ubuntu/workspace/cst336/labs/lab8/api/favoritesAPI.php:29
Stack trace:
#0 /home/ubuntu/workspace/cst336/labs/lab8/api/favoritesAPI.php(29): PDOStatement->execute(Array)
#1 {main}
  thrown in /home/ubuntu/workspace/cst336/labs/lab8/api/favoritesAPI.php on line 29
[25-Apr-2019 23:14:42 UTC] PHP Fatal error:  Uncaught exception 'PDOException' with message 'SQLSTATE[42S02]: Base table or view not found: 1146 Table 'c9.lab8_pixabay' doesn't exist' in /home/ubuntu/workspace/cst336/labs/lab8/api/favoritesAPI.php:29
Stack trace:
#0 /home/ubuntu/workspace/cst336/labs/lab8/api/favoritesAPI.php(29): PDOStatement->execute(Array)
#1 {main}
  thrown in /home/ubuntu/workspace/cst336/labs/lab8/api/favoritesAPI.php on line 29
[25-Apr-2019 23:36:33 UTC] PHP Fatal error:  Uncaught exception 'PDOException' with message 'SQLSTATE[42000]: Syntax error or access violation: 1065 Query was empty' in /home/ubuntu/workspace/cst336/labs/lab8/api/favoritesAPI.php:29
Stack trace:
#0 /home/ubuntu/workspace/cst336/labs/lab8/api/favoritesAPI.php(29): PDOStatement->execute(Array)
#1 {main}
  thrown in /home/ubuntu/workspace/cst336/labs/lab8/api/favoritesAPI.php on line 29
[25-Apr-2019 23:47:05 UTC] PHP Fatal error:  Uncaught exception 'PDOException' with message 'SQLSTATE[42000]: Syntax error or access violation: 1065 Query was empty' in /home/ubuntu/workspace/cst336/labs/lab8/api/favoritesAPI.php:29
Stack trace:
#0 /home/ubuntu/workspace/cst336/labs/lab8/api/favoritesAPI.php(29): PDOStatement->execute(Array)
#1 {main}
  thrown in /home/ubuntu/workspace/cst336/labs/lab8/api/favoritesAPI.php on line 29
[25-Apr-2019 23:47:21 UTC] PHP Fatal error:  Uncaught exception 'PDOException' with message 'SQLSTATE[42000]: Syntax error or access violation: 1065 Query was empty' in /home/ubuntu/workspace/cst336/labs/lab8/api/favoritesAPI.php:29
Stack trace:
#0 /home/ubuntu/workspace/cst336/labs/lab8/api/favoritesAPI.php(29): PDOStatement->execute(Array)
#1 {main}
  thrown in /home/ubuntu/workspace/cst336/labs/lab8/api/favoritesAPI.php on line 29
[28-Apr-2019 06:34:25 UTC] PHP Fatal error:  Uncaught exception 'PDOException' with message 'SQLSTATE[42S02]: Base table or view not found: 1146 Table 'c9.favoritepix' doesn't exist' in /home/ubuntu/workspace/cst336/labs/lab8/api/favoritesAPI.php:30
Stack trace:
#0 /home/ubuntu/workspace/cst336/labs/lab8/api/favoritesAPI.php(30): PDOStatement->execute(Array)
#1 {main}
  thrown in /home/ubuntu/workspace/cst336/labs/lab8/api/favoritesAPI.php on line 30
[28-Apr-2019 06:34:27 UTC] PHP Fatal error:  Uncaught exception 'PDOException' with message 'SQLSTATE[42S02]: Base table or view not found: 1146 Table 'c9.favoritepix' doesn't exist' in /home/ubuntu/workspace/cst336/labs/lab8/api/favoritesAPI.php:30
Stack trace:
#0 /home/ubuntu/workspace/cst336/labs/lab8/api/favoritesAPI.php(30): PDOStatement->execute(Array)
#1 {main}
  thrown in /home/ubuntu/workspace/cst336/labs/lab8/api/favoritesAPI.php on line 30
[28-Apr-2019 06:34:31 UTC] PHP Fatal error:  Uncaught exception 'PDOException' with message 'SQLSTATE[42S02]: Base table or view not found: 1146 Table 'c9.favoritepix' doesn't exist' in /home/ubuntu/workspace/cst336/labs/lab8/api/favoritesAPI.php:30
Stack trace:
#0 /home/ubuntu/workspace/cst336/labs/lab8/api/favoritesAPI.php(30): PDOStatement->execute(Array)
#1 {main}
  thrown in /home/ubuntu/workspace/cst336/labs/lab8/api/favoritesAPI.php on line 30
[28-Apr-2019 06:34:34 UTC] PHP Fatal error:  Uncaught exception 'PDOException' with message 'SQLSTATE[42S02]: Base table or view not found: 1146 Table 'c9.favoritepix' doesn't exist' in /home/ubuntu/workspace/cst336/labs/lab8/api/favoritesAPI.php:30
Stack trace:
#0 /home/ubuntu/workspace/cst336/labs/lab8/api/favoritesAPI.php(30): PDOStatement->execute(Array)
#1 {main}
  thrown in /home/ubuntu/workspace/cst336/labs/lab8/api/favoritesAPI.php on line 30
[28-Apr-2019 06:36:29 UTC] PHP Fatal error:  Uncaught exception 'PDOException' with message 'SQLSTATE[42S02]: Base table or view not found: 1146 Table 'c9.favoritepix' doesn't exist' in /home/ubuntu/workspace/cst336/labs/lab8/api/favoritesAPI.php:30
Stack trace:
#0 /home/ubuntu/workspace/cst336/labs/lab8/api/favoritesAPI.php(30): PDOStatement->execute(Array)
#1 {main}
  thrown in /home/ubuntu/workspace/cst336/labs/lab8/api/favoritesAPI.php on line 30
[28-Apr-2019 06:36:35 UTC] PHP Fatal error:  Uncaught exception 'PDOException' with message 'SQLSTATE[42S02]: Base table or view not found: 1146 Table 'c9.favoritepix' doesn't exist' in /home/ubuntu/workspace/cst336/labs/lab8/api/favoritesAPI.php:30
Stack trace:
#0 /home/ubuntu/workspace/cst336/labs/lab8/api/favoritesAPI.php(30): PDOStatement->execute(Array)
#1 {main}
  thrown in /home/ubuntu/workspace/cst336/labs/lab8/api/favoritesAPI.php on line 30
[28-Apr-2019 06:36:39 UTC] PHP Fatal error:  Uncaught exception 'PDOException' with message 'SQLSTATE[42S02]: Base table or view not found: 1146 Table 'c9.favoritepix' doesn't exist' in /home/ubuntu/workspace/cst336/labs/lab8/api/favoritesAPI.php:30
Stack trace:
#0 /home/ubuntu/workspace/cst336/labs/lab8/api/favoritesAPI.php(30): PDOStatement->execute(Array)
#1 {main}
  thrown in /home/ubuntu/workspace/cst336/labs/lab8/api/favoritesAPI.php on line 30
[28-Apr-2019 06:37:12 UTC] PHP Fatal error:  Uncaught exception 'PDOException' with message 'SQLSTATE[42000]: Syntax error or access violation: 1065 Query was empty' in /home/ubuntu/workspace/cst336/labs/lab8/api/favoritesAPI.php:30
Stack trace:
#0 /home/ubuntu/workspace/cst336/labs/lab8/api/favoritesAPI.php(30): PDOStatement->execute(Array)
#1 {main}
  thrown in /home/ubuntu/workspace/cst336/labs/lab8/api/favoritesAPI.php on line 30
[28-Apr-2019 06:38:14 UTC] PHP Fatal error:  Uncaught exception 'PDOException' with message 'SQLSTATE[HY000] [1049] Unknown database 'heroku'' in /home/ubuntu/workspace/cst336/inc/dbConnection.php:18
Stack trace:
#0 /home/ubuntu/workspace/cst336/inc/dbConnection.php(18): PDO->__construct('mysql:host=loca...', 'root', '')
#1 /home/ubuntu/workspace/cst336/labs/lab8/api/favoritesAPI.php(5): getDatabaseConnection('heroku')
#2 {main}
  thrown in /home/ubuntu/workspace/cst336/inc/dbConnection.php on line 18
[28-Apr-2019 06:38:15 UTC] PHP Fatal error:  Uncaught exception 'PDOException' with message 'SQLSTATE[HY000] [1049] Unknown database 'heroku'' in /home/ubuntu/workspace/cst336/inc/dbConnection.php:18
Stack trace:
#0 /home/ubuntu/workspace/cst336/inc/dbConnection.php(18): PDO->__construct('mysql:host=loca...', 'root', '')
#1 /home/ubuntu/workspace/cst336/labs/lab8/api/favoritesAPI.php(5): getDatabaseConnection('heroku')
#2 {main}
  thrown in /home/ubuntu/workspace/cst336/inc/dbConnection.php on line 18
[28-Apr-2019 06:42:53 UTC] PHP Fatal error:  Uncaught exception 'PDOException' with message 'SQLSTATE[42000]: Syntax error or access violation: 1065 Query was empty' in /home/ubuntu/workspace/cst336/labs/lab8/api/favoritesAPI.php:30
Stack trace:
#0 /home/ubuntu/workspace/cst336/labs/lab8/api/favoritesAPI.php(30): PDOStatement->execute(Array)
#1 {main}
  thrown in /home/ubuntu/workspace/cst336/labs/lab8/api/favoritesAPI.php on line 30
[28-Apr-2019 06:42:55 UTC] PHP Fatal error:  Uncaught exception 'PDOException' with message 'SQLSTATE[42000]: Syntax error or access violation: 1065 Query was empty' in /home/ubuntu/workspace/cst336/labs/lab8/api/favoritesAPI.php:30
Stack trace:
#0 /home/ubuntu/workspace/cst336/labs/lab8/api/favoritesAPI.php(30): PDOStatement->execute(Array)
#1 {main}
  thrown in /home/ubuntu/workspace/cst336/labs/lab8/api/favoritesAPI.php on line 30
[28-Apr-2019 06:48:39 UTC] PHP Fatal error:  Uncaught exception 'PDOException' with message 'SQLSTATE[HY000] [1049] Unknown database 'heroku_ab6148f35d4e7a5'' in /home/ubuntu/workspace/cst336/inc/dbConnection.php:18
Stack trace:
#0 /home/ubuntu/workspace/cst336/inc/dbConnection.php(18): PDO->__construct('mysql:host=loca...', 'root', '')
#1 /home/ubuntu/workspace/cst336/labs/lab8/api/favoritesAPI.php(5): getDatabaseConnection('heroku_ab6148f3...')
#2 {main}
  thrown in /home/ubuntu/workspace/cst336/inc/dbConnection.php on line 18
[28-Apr-2019 06:48:44 UTC] PHP Fatal error:  Uncaught exception 'PDOException' with message 'SQLSTATE[HY000] [1049] Unknown database 'heroku_ab6148f35d4e7a5'' in /home/ubuntu/workspace/cst336/inc/dbConnection.php:18
Stack trace:
#0 /home/ubuntu/workspace/cst336/inc/dbConnection.php(18): PDO->__construct('mysql:host=loca...', 'root', '')
#1 /home/ubuntu/workspace/cst336/labs/lab8/api/favoritesAPI.php(5): getDatabaseConnection('heroku_ab6148f3...')
#2 {main}
  thrown in /home/ubuntu/workspace/cst336/inc/dbConnection.php on line 18
[28-Apr-2019 06:48:49 UTC] PHP Fatal error:  Uncaught exception 'PDOException' with message 'SQLSTATE[HY000] [1049] Unknown database 'heroku_ab6148f35d4e7a5'' in /home/ubuntu/workspace/cst336/inc/dbConnection.php:18
Stack trace:
#0 /home/ubuntu/workspace/cst336/inc/dbConnection.php(18): PDO->__construct('mysql:host=loca...', 'root', '')
#1 /home/ubuntu/workspace/cst336/labs/lab8/api/favoritesAPI.php(5): getDatabaseConnection('heroku_ab6148f3...')
#2 {main}
  thrown in /home/ubuntu/workspace/cst336/inc/dbConnection.php on line 18
[28-Apr-2019 06:48:51 UTC] PHP Fatal error:  Uncaught exception 'PDOException' with message 'SQLSTATE[HY000] [1049] Unknown database 'heroku_ab6148f35d4e7a5'' in /home/ubuntu/workspace/cst336/inc/dbConnection.php:18
Stack trace:
#0 /home/ubuntu/workspace/cst336/inc/dbConnection.php(18): PDO->__construct('mysql:host=loca...', 'root', '')
#1 /home/ubuntu/workspace/cst336/labs/lab8/api/favoritesAPI.php(5): getDatabaseConnection('heroku_ab6148f3...')
#2 {main}
  thrown in /home/ubuntu/workspace/cst336/inc/dbConnection.php on line 18
[28-Apr-2019 06:48:54 UTC] PHP Fatal error:  Uncaught exception 'PDOException' with message 'SQLSTATE[HY000] [1049] Unknown database 'heroku_ab6148f35d4e7a5'' in /home/ubuntu/workspace/cst336/inc/dbConnection.php:18
Stack trace:
#0 /home/ubuntu/workspace/cst336/inc/dbConnection.php(18): PDO->__construct('mysql:host=loca...', 'root', '')
#1 /home/ubuntu/workspace/cst336/labs/lab8/api/favoritesAPI.php(5): getDatabaseConnection('heroku_ab6148f3...')
#2 {main}
  thrown in /home/ubuntu/workspace/cst336/inc/dbConnection.php on line 18
[28-Apr-2019 06:50:11 UTC] PHP Fatal error:  Uncaught exception 'PDOException' with message 'SQLSTATE[HY000] [1049] Unknown database 'heroku_ab6148f35d4e7a5'' in /home/ubuntu/workspace/cst336/inc/dbConnection.php:18
Stack trace:
#0 /home/ubuntu/workspace/cst336/inc/dbConnection.php(18): PDO->__construct('mysql:host=loca...', 'root', '')
#1 /home/ubuntu/workspace/cst336/labs/lab8/api/favoritesAPI.php(5): getDatabaseConnection('heroku_ab6148f3...')
#2 {main}
  thrown in /home/ubuntu/workspace/cst336/inc/dbConnection.php on line 18
